Crashlog created at 2013-01-16 22:34:45 +0200

=== MESSAGE:

Nanoc::Errors::CannotUseTextualFilter: The “Nanoc::Filters::ERB” filter cannot be used to filter the “/feed/” item (rep “default”), because textual filters cannot be used on binary items.

=== COMPILATION STACK:

  - [item]   /feed/ (rep default)

=== BACKTRACE:

  0. /var/lib/gems/1.9.1/gems/nanoc-3.4.3/lib/nanoc/base/result_data/item_rep.rb:336:in `filter'
  1. /var/lib/gems/1.9.1/gems/nanoc-3.4.3/lib/nanoc/base/compilation/item_rep_proxy.rb:47:in `filter'
  2. /var/lib/gems/1.9.1/gems/nanoc-3.4.3/lib/nanoc/base/compilation/rule_context.rb:55:in `filter'
  3. ./Rules:36:in `block in load'
  4. /var/lib/gems/1.9.1/gems/nanoc-3.4.3/lib/nanoc/base/compilation/rule.rb:68:in `instance_eval'
  5. /var/lib/gems/1.9.1/gems/nanoc-3.4.3/lib/nanoc/base/compilation/rule.rb:68:in `apply_to'
  6. /var/lib/gems/1.9.1/gems/nanoc-3.4.3/lib/nanoc/base/compilation/compiler.rb:383:in `compile_rep'
  7. /var/lib/gems/1.9.1/gems/nanoc-3.4.3/lib/nanoc/base/compilation/compiler.rb:339:in `block in compile_reps'
  8. /var/lib/gems/1.9.1/gems/nanoc-3.4.3/lib/nanoc/base/compilation/compiler.rb:332:in `loop'
  9. /var/lib/gems/1.9.1/gems/nanoc-3.4.3/lib/nanoc/base/compilation/compiler.rb:332:in `compile_reps'
  10. /var/lib/gems/1.9.1/gems/nanoc-3.4.3/lib/nanoc/base/compilation/compiler.rb:89:in `run'
  11. /var/lib/gems/1.9.1/gems/nanoc-3.4.3/lib/nanoc/base/source_data/site.rb:58:in `compile'
  12. /var/lib/gems/1.9.1/gems/nanoc-3.4.3/lib/nanoc/cli/commands/compile.rb:62:in `run'
  13. /var/lib/gems/1.9.1/gems/nanoc-3.4.3/lib/nanoc/cli/command_runner.rb:14:in `block in call'
  14. /var/lib/gems/1.9.1/gems/nanoc-3.4.3/lib/nanoc/cli/error_handler.rb:63:in `handle_while'
  15. /var/lib/gems/1.9.1/gems/nanoc-3.4.3/lib/nanoc/cli/error_handler.rb:26:in `handle_while'
  16. /var/lib/gems/1.9.1/gems/nanoc-3.4.3/lib/nanoc/cli/command_runner.rb:13:in `call'
  17. /var/lib/gems/1.9.1/gems/cri-2.3.0/lib/cri/command_dsl.rb:185:in `block in runner'
  18. /var/lib/gems/1.9.1/gems/cri-2.3.0/lib/cri/command.rb:296:in `call'
  19. /var/lib/gems/1.9.1/gems/cri-2.3.0/lib/cri/command.rb:296:in `run_this'
  20. /var/lib/gems/1.9.1/gems/cri-2.3.0/lib/cri/command.rb:249:in `run'
  21. /var/lib/gems/1.9.1/gems/cri-2.3.0/lib/cri/command.rb:262:in `run'
  22. /var/lib/gems/1.9.1/gems/nanoc-3.4.3/lib/nanoc/cli.rb:52:in `block in run'
  23. /var/lib/gems/1.9.1/gems/nanoc-3.4.3/lib/nanoc/cli/error_handler.rb:63:in `handle_while'
  24. /var/lib/gems/1.9.1/gems/nanoc-3.4.3/lib/nanoc/cli/error_handler.rb:26:in `handle_while'
  25. /var/lib/gems/1.9.1/gems/nanoc-3.4.3/lib/nanoc/cli.rb:50:in `run'
  26. /var/lib/gems/1.9.1/gems/nanoc-3.4.3/bin/nanoc:19:in `<top (required)>'
  27. /usr/local/bin/nanoc:23:in `load'
  28. /usr/local/bin/nanoc:23:in `<main>'

=== VERSION INFORMATION:

nanoc 3.4.3 © 2007-2012 Denis Defreyne.
Running ruby 1.9.3 (2012-04-20) on i686-linux with RubyGems 1.8.23.

=== SYSTEM INFORMATION:

Linux BigBrother 3.5.0-21-generic #32-Ubuntu SMP Tue Dec 11 18:52:46 UTC 2012 i686 i686 i686 GNU/Linux

=== INSTALLED GEMS:

  adsf 1.1.1
  blankslate 2.1.2.4
  builder 3.1.3
  bundler 1.2.3
  coderay 1.0.6
  colored 1.2
  cri 2.3.0
  daemons 1.1.9
  eventmachine 1.0.0
  ffi 1.0.11
  fssm 0.2.9
  kramdown 0.13.7
  mime-types 1.18
  nanoc 3.4.3
  nokogiri 1.5.6
  pygments.rb 0.2.12
  rack 1.4.1
  rake 0.9.2.2
  rubypython 0.5.3
  thin 1.5.0
  yajl-ruby 0.8.3

=== ENVIRONMENT:

BUNDLE_BIN_PATH => "/var/lib/gems/1.9.1/gems/bundler-1.2.3/bin/bundle"
BUNDLE_GEMFILE => "/home/baden/SDK/newgps.navi.cc/api.navi.cc/doc/Gemfile"
COLORTERM => "gnome-terminal"
COMPIZ_BIN_PATH => "/usr/bin/"
COMPIZ_CONFIG_PROFILE => "ubuntu"
DBUS_SESSION_BUS_ADDRESS => "unix:abstract=/tmp/dbus-OqSnW7Ricn,guid=c81f29299e6d181f2da70f8250f68cd7"
DEFAULTS_PATH => "/usr/share/gconf/ubuntu.default.path"
DESKTOP_SESSION => "ubuntu"
DISPLAY => ":0"
GDMSESSION => "ubuntu"
GDM_LANG => "ru"
GEM_HOME => "/var/lib/gems/1.9.1"
GEM_PATH => "/var/lib/gems/1.9.1:/home/baden/.gem/ruby/1.9.1"
GNOME_DESKTOP_SESSION_ID => "this-is-deprecated"
GNOME_KEYRING_CONTROL => "/run/user/baden/keyring-6N4PUW"
GNOME_KEYRING_PID => "13813"
GPG_AGENT_INFO => "/run/user/baden/keyring-6N4PUW/gpg:0:1"
GTK_MODULES => "overlay-scrollbar"
HISTCONTROL => "ignoreboth"
HOME => "/home/baden"
LANG => "ru_RU.UTF-8"
LANGUAGE => "ru:en"
LESSCLOSE => "/usr/bin/lesspipe %s %s"
LESSOPEN => "| /usr/bin/lesspipe %s"
LOGNAME => "baden"
LS_COLORS => "rs=0:di=01;34:ln=01;36:mh=00:pi=40;33:so=01;35:do=01;35:bd=40;33;01:cd=40;33;01:or=40;31;01:su=37;41:sg=30;43:ca=30;41:tw=30;42:ow=34;42:st=37;44:ex=01;32:*.tar=01;31:*.tgz=01;31:*.arj=01;31:*.taz=01;31:*.lzh=01;31:*.lzma=01;31:*.tlz=01;31:*.txz=01;31:*.zip=01;31:*.z=01;31:*.Z=01;31:*.dz=01;31:*.gz=01;31:*.lz=01;31:*.xz=01;31:*.bz2=01;31:*.bz=01;31:*.tbz=01;31:*.tbz2=01;31:*.tz=01;31:*.deb=01;31:*.rpm=01;31:*.jar=01;31:*.war=01;31:*.ear=01;31:*.sar=01;31:*.rar=01;31:*.ace=01;31:*.zoo=01;31:*.cpio=01;31:*.7z=01;31:*.rz=01;31:*.jpg=01;35:*.jpeg=01;35:*.gif=01;35:*.bmp=01;35:*.pbm=01;35:*.pgm=01;35:*.ppm=01;35:*.tga=01;35:*.xbm=01;35:*.xpm=01;35:*.tif=01;35:*.tiff=01;35:*.png=01;35:*.svg=01;35:*.svgz=01;35:*.mng=01;35:*.pcx=01;35:*.mov=01;35:*.mpg=01;35:*.mpeg=01;35:*.m2v=01;35:*.mkv=01;35:*.webm=01;35:*.ogm=01;35:*.mp4=01;35:*.m4v=01;35:*.mp4v=01;35:*.vob=01;35:*.qt=01;35:*.nuv=01;35:*.wmv=01;35:*.asf=01;35:*.rm=01;35:*.rmvb=01;35:*.flc=01;35:*.avi=01;35:*.fli=01;35:*.flv=01;35:*.gl=01;35:*.dl=01;35:*.xcf=01;35:*.xwd=01;35:*.yuv=01;35:*.cgm=01;35:*.emf=01;35:*.axv=01;35:*.anx=01;35:*.ogv=01;35:*.ogx=01;35:*.aac=00;36:*.au=00;36:*.flac=00;36:*.mid=00;36:*.midi=00;36:*.mka=00;36:*.mp3=00;36:*.mpc=00;36:*.ogg=00;36:*.ra=00;36:*.wav=00;36:*.axa=00;36:*.oga=00;36:*.spx=00;36:*.xspf=00;36:"
MANDATORY_PATH => "/usr/share/gconf/ubuntu.mandatory.path"
MC_SID => "22056"
MC_TMPDIR => "/tmp/mc-baden"
NODE_PATH => "/usr/lib/nodejs:/usr/share/javascript"
OLDPWD => "/home/baden/SDK/newgps.navi.cc/api.navi.cc/doc/layouts"
PATH => "/var/lib/gems/1.9.1/bin:/usr/local/sbin:/usr/local/bin:/usr/sbin:/usr/bin:/sbin:/bin:/usr/games:/usr/local/games"
PWD => "/home/baden/SDK/newgps.navi.cc/api.navi.cc/doc"
RUBYOPT => "-I/var/lib/gems/1.9.1/gems/bundler-1.2.3/lib -rbundler/setup"
SESSION_MANAGER => "local/BigBrother:@/tmp/.ICE-unix/13829,unix/BigBrother:/tmp/.ICE-unix/13829"
SHELL => "/bin/bash"
SHLVL => "2"
SSH_AGENT_PID => "13873"
SSH_AUTH_SOCK => "/run/user/baden/keyring-6N4PUW/ssh"
TERM => "xterm"
UBUNTU_MENUPROXY => "libappmenu.so"
USER => "baden"
USERNAME => "baden"
WINDOWID => "46222712"
WINDOWPATH => "7"
XAUTHORITY => "/run/gdm/auth-for-baden-LGlRcX/database"
XDG_CONFIG_DIRS => "/etc/xdg/xdg-ubuntu:/etc/xdg"
XDG_CURRENT_DESKTOP => "Unity"
XDG_DATA_DIRS => "/usr/share/ubuntu:/usr/share/gnome:/usr/local/share/:/usr/share/"
XDG_RUNTIME_DIR => "/run/user/baden"
XDG_SESSION_COOKIE => "4cf4292c0dc24ae50b3cd7ff50f540f9-1358335191.672463-1986625761"
_ => "/usr/local/bin/nanoc"

=== GEMFILE.LOCK:

GEM
  remote: http://rubygems.org/
  specs:
    adsf (1.1.1)
      rack (>= 1.0.0)
    blankslate (2.1.2.4)
    builder (3.1.3)
    coderay (1.0.6)
    colored (1.2)
    cri (2.3.0)
      colored (>= 1.2)
    daemons (1.1.9)
    eventmachine (1.0.0)
    ffi (1.0.11)
    fssm (0.2.9)
    kramdown (0.13.7)
    mime-types (1.18)
    nanoc (3.4.3)
      cri (~> 2.2)
    nokogiri (1.5.6)
    pygments.rb (0.2.12)
      rubypython (~> 0.5.3)
    rack (1.4.1)
    rake (0.9.2.2)
    rubypython (0.5.3)
      blankslate (>= 2.1.2.3)
      ffi (~> 1.0.7)
    thin (1.5.0)
      daemons (>= 1.0.9)
      eventmachine (>= 0.12.6)
      rack (>= 1.0.0)
    yajl-ruby (0.8.3)

PLATFORMS
  ruby

DEPENDENCIES
  adsf
  builder
  coderay
  fssm
  kramdown (~> 0.13.2)
  mime-types (~> 1.16)
  nanoc (~> 3.4.3)
  nokogiri (~> 1.5.5)
  pygments.rb
  rake (~> 0.9.2)
  thin (~> 1.5.0)
  yajl-ruby (~> 0.8.2)

=== $LOAD_PATH:

  0. /var/lib/gems/1.9.1/gems/nanoc-3.4.3/lib
  1. /var/lib/gems/1.9.1/gems/yajl-ruby-0.8.3/lib
  2. /var/lib/gems/1.9.1/gems/yajl-ruby-0.8.3/ext
  3. /var/lib/gems/1.9.1/gems/thin-1.5.0/lib
  4. /var/lib/gems/1.9.1/gems/pygments.rb-0.2.12/lib
  5. /var/lib/gems/1.9.1/gems/rubypython-0.5.3/lib
  6. /var/lib/gems/1.9.1/gems/nokogiri-1.5.6/lib
  7. /var/lib/gems/1.9.1/gems/nanoc-3.4.3/lib
  8. /var/lib/gems/1.9.1/gems/mime-types-1.18/lib
  9. /var/lib/gems/1.9.1/gems/kramdown-0.13.7/lib
  10. /var/lib/gems/1.9.1/gems/fssm-0.2.9/lib
  11. /var/lib/gems/1.9.1/gems/ffi-1.0.11/lib
  12. /var/lib/gems/1.9.1/gems/ffi-1.0.11/ext
  13. /var/lib/gems/1.9.1/gems/eventmachine-1.0.0/lib
  14. /var/lib/gems/1.9.1/gems/daemons-1.1.9/lib
  15. /var/lib/gems/1.9.1/gems/cri-2.3.0/lib
  16. /var/lib/gems/1.9.1/gems/colored-1.2/lib
  17. /var/lib/gems/1.9.1/gems/coderay-1.0.6/lib
  18. /var/lib/gems/1.9.1/gems/builder-3.1.3/lib
  19. /var/lib/gems/1.9.1/gems/blankslate-2.1.2.4/lib
  20. /var/lib/gems/1.9.1/gems/adsf-1.1.1/lib
  21. /var/lib/gems/1.9.1/gems/rack-1.4.1/lib
  22. /var/lib/gems/1.9.1/gems/rake-0.9.2.2/lib
  23. /var/lib/gems/1.9.1/gems/bundler-1.2.3/lib
  24. /usr/local/lib/site_ruby/1.9.1
  25. /usr/local/lib/site_ruby/1.9.1/i686-linux
  26. /usr/local/lib/site_ruby
  27. /usr/lib/ruby/vendor_ruby/1.9.1
  28. /usr/lib/ruby/vendor_ruby/1.9.1/i686-linux
  29. /usr/lib/ruby/vendor_ruby
  30. /usr/lib/ruby/1.9.1
  31. /usr/lib/ruby/1.9.1/i686-linux
